2023-10-31T11:44:39+00:00 CRITICAL syntax error, unexpected token ";", expecting ")" in /var/www/html/wp-content/themes/understrap-child/inc/class-wp-bootstrap-navwalker.php on line 191

2023-10-31T12:09:31+00:00 CRITICAL Uncaught Error: Class "WP_Bootstrap_Mega_Navwalker" not found in /var/www/html/wp-content/themes/understrap-child/global-templates/navbar-collapse-bootstrap5.php:50
Stack trace:
#0 /var/www/html/wp-includes/template.php(787): require()
#1 /var/www/html/wp-includes/template.php(720): load_template('/var/www/html/w...', false, Array)
#2 /var/www/html/wp-includes/general-template.php(206): locate_template(Array, true, false, Array)
#3 /var/www/html/wp-content/themes/understrap-child/header.php(36): get_template_part('global-template...', 'collapse-bootst...')
#4 /var/www/html/wp-includes/template.php(785): require_once('/var/www/html/w...')
#5 /var/www/html/wp-includes/template.php(720): load_template('/var/www/html/w...', true, Array)
#6 /var/www/html/wp-includes/general-template.php(48): locate_template(Array, true, true, Array)
#7 /var/www/html/wp-content/themes/understrap-child/front-page.php(11): get_header()
#8 /var/www/html/wp-includes/template-loader.php(106): include('/var/www/html/w...')
#9 /var/www/html/wp-blog-header.php(19): require_once('/var/www/html/w...')
#10 /var/www/html/index.php(17): require('/var/www/html/w...')
#11 {main}
  thrown in /var/www/html/wp-content/themes/understrap-child/global-templates/navbar-collapse-bootstrap5.php on line 50

2023-10-31T12:10:49+00:00 CRITICAL Uncaught Error: Failed opening required 'wp-bootstrap-mega-navwalker.php' (include_path='.:/usr/share/php') in /var/www/html/wp-content/themes/understrap-child/functions.php:264
Stack trace:
#0 /var/www/html/wp-settings.php(600): include()
#1 /var/www/html/wp-config.php(37): require_once('/var/www/html/w...')
#2 /var/www/html/wp-load.php(50): require_once('/var/www/html/w...')
#3 /var/www/html/wp-blog-header.php(13): require_once('/var/www/html/w...')
#4 /var/www/html/index.php(17): require('/var/www/html/w...')
#5 {main}
  thrown in /var/www/html/wp-content/themes/understrap-child/functions.php on line 264

2023-10-31T12:11:03+00:00 CRITICAL Uncaught Error: Failed opening required 'inc/wp-bootstrap-mega-navwalker.php' (include_path='.:/usr/share/php') in /var/www/html/wp-content/themes/understrap-child/functions.php:264
Stack trace:
#0 /var/www/html/wp-settings.php(600): include()
#1 /var/www/html/wp-config.php(37): require_once('/var/www/html/w...')
#2 /var/www/html/wp-load.php(50): require_once('/var/www/html/w...')
#3 /var/www/html/wp-blog-header.php(13): require_once('/var/www/html/w...')
#4 /var/www/html/index.php(17): require('/var/www/html/w...')
#5 {main}
  thrown in /var/www/html/wp-content/themes/understrap-child/functions.php on line 264

2023-10-31T12:11:06+00:00 CRITICAL Uncaught Error: Failed opening required 'inc/wp-bootstrap-mega-navwalker.php' (include_path='.:/usr/share/php') in /var/www/html/wp-content/themes/understrap-child/functions.php:264
Stack trace:
#0 /var/www/html/wp-settings.php(600): include()
#1 /var/www/html/wp-config.php(37): require_once('/var/www/html/w...')
#2 /var/www/html/wp-load.php(50): require_once('/var/www/html/w...')
#3 /var/www/html/wp-admin/admin-ajax.php(22): require_once('/var/www/html/w...')
#4 {main}
  thrown in /var/www/html/wp-content/themes/understrap-child/functions.php on line 264

2023-10-31T15:27:54+00:00 CRITICAL Uncaught TypeError: urlencode(): Argument #1 ($string) must be of type string, array given in /var/www/html/wp-includes/formatting.php:5663
Stack trace:
#0 /var/www/html/wp-includes/formatting.php(5663): urlencode(Array)
#1 /var/www/html/wp-includes/class-wp-query.php(1179): wp_basename(Array)
#2 /var/www/html/wp-includes/class-wp-query.php(949): WP_Query->parse_tax_query(Array)
#3 /var/www/html/wp-includes/class-wp-query.php(1868): WP_Query->parse_query()
#4 /var/www/html/wp-includes/class-wp-query.php(3800): WP_Query->get_posts()
#5 /var/www/html/wp-includes/class-wp-query.php(3932): WP_Query->query(Array)
#6 /var/www/html/wp-content/themes/understrap-child/template-parts/featured_products.php(20): WP_Query->__construct(Array)
#7 /var/www/html/wp-includes/template.php(787): require('/var/www/html/w...')
#8 /var/www/html/wp-includes/template.php(720): load_template('/var/www/html/w...', false, Array)
#9 /var/www/html/wp-includes/general-template.php(206): locate_template(Array, true, false, Array)
#10 /var/www/html/wp-content/themes/understrap-child/functions.php(167): get_template_part('template-parts/...')
#11 /var/www/html/wp-content/themes/understrap-child/front-page.php(22): get_flexible_content()
#12 /var/www/html/wp-includes/template-loader.php(106): include('/var/www/html/w...')
#13 /var/www/html/wp-blog-header.php(19): require_once('/var/www/html/w...')
#14 /var/www/html/index.php(17): require('/var/www/html/w...')
#15 {main}
  thrown in /var/www/html/wp-includes/formatting.php on line 5663

2023-10-31T15:28:08+00:00 CRITICAL Uncaught TypeError: urlencode(): Argument #1 ($string) must be of type string, array given in /var/www/html/wp-includes/formatting.php:5663
Stack trace:
#0 /var/www/html/wp-includes/formatting.php(5663): urlencode(Array)
#1 /var/www/html/wp-includes/class-wp-query.php(1179): wp_basename(Array)
#2 /var/www/html/wp-includes/class-wp-query.php(949): WP_Query->parse_tax_query(Array)
#3 /var/www/html/wp-includes/class-wp-query.php(1868): WP_Query->parse_query()
#4 /var/www/html/wp-includes/class-wp-query.php(3800): WP_Query->get_posts()
#5 /var/www/html/wp-includes/class-wp-query.php(3932): WP_Query->query(Array)
#6 /var/www/html/wp-content/themes/understrap-child/template-parts/featured_products.php(21): WP_Query->__construct(Array)
#7 /var/www/html/wp-includes/template.php(787): require('/var/www/html/w...')
#8 /var/www/html/wp-includes/template.php(720): load_template('/var/www/html/w...', false, Array)
#9 /var/www/html/wp-includes/general-template.php(206): locate_template(Array, true, false, Array)
#10 /var/www/html/wp-content/themes/understrap-child/functions.php(167): get_template_part('template-parts/...')
#11 /var/www/html/wp-content/themes/understrap-child/front-page.php(22): get_flexible_content()
#12 /var/www/html/wp-includes/template-loader.php(106): include('/var/www/html/w...')
#13 /var/www/html/wp-blog-header.php(19): require_once('/var/www/html/w...')
#14 /var/www/html/index.php(17): require('/var/www/html/w...')
#15 {main}
  thrown in /var/www/html/wp-includes/formatting.php on line 5663

2023-10-31T15:46:59+00:00 CRITICAL Uncaught Error: Call to a member function have_posts() on null in /var/www/html/wp-content/themes/understrap-child/template-parts/featured_products.php:32
Stack trace:
#0 /var/www/html/wp-includes/template.php(787): require()
#1 /var/www/html/wp-includes/template.php(720): load_template('/var/www/html/w...', false, Array)
#2 /var/www/html/wp-includes/general-template.php(206): locate_template(Array, true, false, Array)
#3 /var/www/html/wp-content/themes/understrap-child/functions.php(167): get_template_part('template-parts/...')
#4 /var/www/html/wp-content/themes/understrap-child/front-page.php(22): get_flexible_content()
#5 /var/www/html/wp-includes/template-loader.php(106): include('/var/www/html/w...')
#6 /var/www/html/wp-blog-header.php(19): require_once('/var/www/html/w...')
#7 /var/www/html/index.php(17): require('/var/www/html/w...')
#8 {main}
  thrown in /var/www/html/wp-content/themes/understrap-child/template-parts/featured_products.php on line 32

2023-10-31T16:15:44+00:00 CRITICAL Uncaught Error: Call to undefined function get_the_post() in /var/www/html/wp-content/themes/understrap-child/template-parts/featured_products.php:27
Stack trace:
#0 /var/www/html/wp-includes/template.php(787): require()
#1 /var/www/html/wp-includes/template.php(720): load_template('/var/www/html/w...', false, Array)
#2 /var/www/html/wp-includes/general-template.php(206): locate_template(Array, true, false, Array)
#3 /var/www/html/wp-content/themes/understrap-child/functions.php(167): get_template_part('template-parts/...')
#4 /var/www/html/wp-content/themes/understrap-child/front-page.php(22): get_flexible_content()
#5 /var/www/html/wp-includes/template-loader.php(106): include('/var/www/html/w...')
#6 /var/www/html/wp-blog-header.php(19): require_once('/var/www/html/w...')
#7 /var/www/html/index.php(17): require('/var/www/html/w...')
#8 {main}
  thrown in /var/www/html/wp-content/themes/understrap-child/template-parts/featured_products.php on line 27

2023-10-31T17:03:02+00:00 CRITICAL Uncaught Error: Call to undefined method WP_Post::get_regular_price() in /var/www/html/wp-content/themes/understrap-child/template-parts/featured_product_category.php:25
Stack trace:
#0 /var/www/html/wp-includes/template.php(787): require()
#1 /var/www/html/wp-includes/template.php(720): load_template('/var/www/html/w...', false, Array)
#2 /var/www/html/wp-includes/general-template.php(206): locate_template(Array, true, false, Array)
#3 /var/www/html/wp-content/themes/understrap-child/template-parts/featured_products.php(39): get_template_part('template-parts/...', '', Array)
#4 /var/www/html/wp-includes/class-wp-hook.php(310): {closure}('')
#5 /var/www/html/wp-includes/class-wp-hook.php(334): WP_Hook->apply_filters('', Array)
#6 /var/www/html/wp-includes/plugin.php(517): WP_Hook->do_action(Array)
#7 /var/www/html/wp-content/themes/understrap-child/template-parts/featured_products.php(56): do_action('render_featured...')
#8 /var/www/html/wp-includes/template.php(787): require('/var/www/html/w...')
#9 /var/www/html/wp-includes/template.php(720): load_template('/var/www/html/w...', false, Array)
#10 /var/www/html/wp-includes/general-template.php(206): locate_template(Array, true, false, Array)
#11 /var/www/html/wp-content/themes/understrap-child/functions.php(169): get_template_part('template-parts/...')
#12 /var/www/html/wp-content/themes/understrap-child/front-page.php(22): get_flexible_content()
#13 /var/www/html/wp-includes/template-loader.php(106): include('/var/www/html/w...')
#14 /var/www/html/wp-blog-header.php(19): require_once('/var/www/html/w...')
#15 /var/www/html/index.php(17): require('/var/www/html/w...')
#16 {main}
  thrown in /var/www/html/wp-content/themes/understrap-child/template-parts/featured_product_category.php on line 25

